This file contains any messages produced by compilers while
running configure, to aid debugging if configure makes a mistake.

It was created by configure, which was
generated by GNU Autoconf 2.69.  Invocation command line was

  $ ./configure 

## --------- ##
## Platform. ##
## --------- ##

hostname = bryndlir-pinecone-2194177
uname -m = x86_64
uname -r = 4.2.0-c9
uname -s = Linux
uname -v = #1 SMP Wed Sep 30 16:14:37 UTC 2015

/usr/bin/uname -p = unknown
/bin/uname -X     = unknown

/bin/arch              = unknown
/usr/bin/arch -k       = unknown
/usr/convex/getsysinfo = unknown
/usr/bin/hostinfo      = unknown
/bin/machine           = unknown
/usr/bin/oslevel       = unknown
/bin/universe          = unknown

PATH: /home/ubuntu/.nvm/versions/node/v4.2.1/bin
PATH: /usr/local/rvm/gems/ruby-2.2.1/bin
PATH: /usr/local/rvm/gems/ruby-2.2.1@global/bin
PATH: /usr/local/rvm/rubies/ruby-2.2.1/bin
PATH: /mnt/shared/bin
PATH: /home/ubuntu/workspace/node_modules/.bin
PATH: /home/ubuntu/bin
PATH: /usr/local/sbin
PATH: /usr/local/bin
PATH: /usr/sbin
PATH: /usr/bin
PATH: /sbin
PATH: /bin
PATH: /mnt/shared/sbin
PATH: /opt/gitl
PATH: /opt/go/bin
PATH: /mnt/shared/c9/app.nw/bin
PATH: /usr/local/rvm/bin


## ----------- ##
## Core tests. ##
## ----------- ##

configure:2171: checking for grep that handles long lines and -e
configure:2229: result: /bin/grep
configure:2234: checking for egrep
configure:2296: result: /bin/grep -E
configure:2301: checking for a sed that does not truncate output
configure:2365: result: /bin/sed
configure:2499: checking for cc
configure:2515: found /usr/bin/cc
configure:2526: result: cc
configure:2557: checking for C compiler version
configure:2566: cc --version >&5
cc (Ubuntu 4.8.4-2ubuntu1~14.04) 4.8.4
Copyright (C) 2013 Free Software Foundation, Inc.
This is free software; see the source for copying conditions.  There is NO
warranty; not even for MERCHANTABILITY or FITNESS FOR A PARTICULAR PURPOSE.

configure:2577: $? = 0
configure:2566: cc -v >&5
Using built-in specs.
COLLECT_GCC=cc
COLLECT_LTO_WRAPPER=/usr/lib/gcc/x86_64-linux-gnu/4.8/lto-wrapper
Target: x86_64-linux-gnu
Configured with: ../src/configure -v --with-pkgversion='Ubuntu 4.8.4-2ubuntu1~14.04' --with-bugurl=file:///usr/share/doc/gcc-4.8/README.Bugs --enable-languages=c,c++,java,go,d,fortran,objc,obj-c++ --prefix=/usr --program-suffix=-4.8 --enable-shared --enable-linker-build-id --libexecdir=/usr/lib --without-included-gettext --enable-threads=posix --with-gxx-include-dir=/usr/include/c++/4.8 --libdir=/usr/lib --enable-nls --with-sysroot=/ --enable-clocale=gnu --enable-libstdcxx-debug --enable-libstdcxx-time=yes --enable-gnu-unique-object --disable-libmudflap --enable-plugin --with-system-zlib --disable-browser-plugin --enable-java-awt=gtk --enable-gtk-cairo --with-java-home=/usr/lib/jvm/java-1.5.0-gcj-4.8-amd64/jre --enable-java-home --with-jvm-root-dir=/usr/lib/jvm/java-1.5.0-gcj-4.8-amd64 --with-jvm-jar-dir=/usr/lib/jvm-exports/java-1.5.0-gcj-4.8-amd64 --with-arch-directory=amd64 --with-ecj-jar=/usr/share/java/eclipse-ecj.jar --enable-objc-gc --enable-multiarch --disable-werror --with-arch-32=i686 --with-abi=m64 --with-multilib-list=m32,m64,mx32 --with-tune=generic --enable-checking=release --build=x86_64-linux-gnu --host=x86_64-linux-gnu --target=x86_64-linux-gnu
Thread model: posix
gcc version 4.8.4 (Ubuntu 4.8.4-2ubuntu1~14.04) 
configure:2577: $? = 0
configure:2566: cc -V >&5
cc: error: unrecognized command line option '-V'
cc: fatal error: no input files
compilation terminated.
configure:2577: $? = 4
configure:2566: cc -qversion >&5
cc: error: unrecognized command line option '-qversion'
cc: fatal error: no input files
compilation terminated.
configure:2577: $? = 4
configure:2597: checking whether the C compiler works
configure:2619: cc    conftest.c  >&5
configure:2623: $? = 0
configure:2671: result: yes
configure:2674: checking for C compiler default output file name
configure:2676: result: a.out
configure:2682: checking for suffix of executables
configure:2689: cc -o conftest    conftest.c  >&5
configure:2693: $? = 0
configure:2715: result: 
configure:2737: checking whether we are cross compiling
configure:2745: cc -o conftest    conftest.c  >&5
configure:2749: $? = 0
configure:2756: ./conftest
configure:2760: $? = 0
configure:2775: result: no
configure:2780: checking for suffix of object files
configure:2802: cc -c   conftest.c >&5
configure:2806: $? = 0
configure:2827: result: o
configure:2831: checking whether we are using the GNU C compiler
configure:2850: cc -c   conftest.c >&5
configure:2850: $? = 0
configure:2859: result: yes
configure:2868: checking whether cc accepts -g
configure:2888: cc -c -g  conftest.c >&5
configure:2888: $? = 0
configure:2929: result: yes
configure:2946: checking for cc option to accept ISO C89
configure:3009: cc  -c -g -O2  conftest.c >&5
configure:3009: $? = 0
configure:3022: result: none needed
configure:3048: checking how to run the C preprocessor
configure:3079: cc -E  conftest.c
configure:3079: $? = 0
configure:3093: cc -E  conftest.c
conftest.c:9:28: fatal error: ac_nonexistent.h: No such file or directory
 #include <ac_nonexistent.h>
                            ^
compilation terminated.
configure:3093: $? = 1
configure: failed program was:
| /* confdefs.h */
| #define PACKAGE_NAME ""
| #define PACKAGE_TARNAME ""
| #define PACKAGE_VERSION ""
| #define PACKAGE_STRING ""
| #define PACKAGE_BUGREPORT ""
| #define PACKAGE_URL ""
| /* end confdefs.h.  */
| #include <ac_nonexistent.h>
configure:3118: result: cc -E
configure:3138: cc -E  conftest.c
configure:3138: $? = 0
configure:3152: cc -E  conftest.c
conftest.c:9:28: fatal error: ac_nonexistent.h: No such file or directory
 #include <ac_nonexistent.h>
                            ^
compilation terminated.
configure:3152: $? = 1
configure: failed program was:
| /* confdefs.h */
| #define PACKAGE_NAME ""
| #define PACKAGE_TARNAME ""
| #define PACKAGE_VERSION ""
| #define PACKAGE_STRING ""
| #define PACKAGE_BUGREPORT ""
| #define PACKAGE_URL ""
| /* end confdefs.h.  */
| #include <ac_nonexistent.h>
configure:3183: checking for icc
configure:3192: result: no
configure:3206: checking for suncc
configure:3215: result: no
configure:3233: checking whether cc understands -c and -o together
configure:3261: cc -c conftest.c -o conftest2.o >&5
configure:3265: $? = 0
configure:3271: cc -c conftest.c -o conftest2.o >&5
configure:3275: $? = 0
configure:3330: result: yes
configure:3344: checking for system library directory
configure:3359: result: lib
configure:3366: checking if compiler supports -R
configure:3385: cc -o conftest -g -O2   conftest.c -R /usr/lib  >&5
cc: error: unrecognized command line option '-R'
configure:3385: $? = 1
configure: failed program was:
| /* confdefs.h */
| #define PACKAGE_NAME ""
| #define PACKAGE_TARNAME ""
| #define PACKAGE_VERSION ""
| #define PACKAGE_STRING ""
| #define PACKAGE_BUGREPORT ""
| #define PACKAGE_URL ""
| /* end confdefs.h.  */
| 
| int
| main ()
| {
| 
|   ;
|   return 0;
| }
configure:3395: result: no
configure:3400: checking if compiler supports -Wl,-rpath,
configure:3419: cc -o conftest -g -O2   conftest.c -Wl,-rpath,/usr/lib  >&5
configure:3419: $? = 0
configure:3429: result: yes
configure:3474: checking build system type
configure:3488: result: x86_64-unknown-linux-gnu
configure:3508: checking host system type
configure:3521: result: x86_64-unknown-linux-gnu
configure:3541: checking target system type
configure:3554: result: x86_64-unknown-linux-gnu
configure:3657: checking for PHP prefix
configure:3659: result: /usr
configure:3661: checking for PHP includes
configure:3663: result: -I/usr/include/php5 -I/usr/include/php5/main -I/usr/include/php5/TSRM -I/usr/include/php5/Zend -I/usr/include/php5/ext -I/usr/include/php5/ext/date/lib
configure:3665: checking for PHP extension directory
configure:3667: result: /usr/lib/php5/20121212
configure:3669: checking for PHP installed headers prefix
configure:3671: result: /usr/include/php5
configure:3674: checking if debug is enabled
configure:3700: result: no
configure:3703: checking if zts is enabled
configure:3729: result: no
configure:3800: checking for re2c
configure:3830: result: no
configure:3855: WARNING: You will need re2c 0.13.4 or later if you want to regenerate PHP parsers.
configure:3869: checking for gawk
configure:3886: found /usr/bin/gawk
configure:3897: result: gawk
configure:3945: checking whether to enable php-erlang bridge support
configure:3984: result: yes, shared
configure:3995: checking for Erlang interface directory
configure:4010: result: no
configure:4018: checking for Erlang interface libs
configure:4033: result: no
configure:4041: checking for Erlang interface includes
configure:4056: result: no
configure:4260: checking for pthread_mutex_trylock in -lpthread
configure:4285: cc -o conftest -g -O2  -I/usr/include/php5 -I/usr/include/php5/main -I/usr/include/php5/TSRM -I/usr/include/php5/Zend -I/usr/include/php5/ext -I/usr/include/php5/ext/date/lib  conftest.c -lpthread  -lerl_interface -lei  >&5
configure:4285: $? = 0
configure:4294: result: yes
configure:4307: checking for ei_connect_init in -lei
configure:4332: cc -o conftest -g -O2  -I/usr/include/php5 -I/usr/include/php5/main -I/usr/include/php5/TSRM -I/usr/include/php5/Zend -I/usr/include/php5/ext -I/usr/include/php5/ext/date/lib  conftest.c -lei  -lpthread -lerl_interface -lei  >&5
configure:4332: $? = 0
configure:4341: result: yes
configure:4354: checking for erl_connect in -lerl_interface
configure:4379: cc -o conftest -g -O2  -I/usr/include/php5 -I/usr/include/php5/main -I/usr/include/php5/TSRM -I/usr/include/php5/Zend -I/usr/include/php5/ext -I/usr/include/php5/ext/date/lib  conftest.c -lerl_interface  -lei -lpthread -lerl_interface -lei  >&5
configure:4379: $? = 0
configure:4388: result: yes
configure:4401: checking for ANSI C header files
configure:4421: cc -c -g -O2  -I/usr/include/php5 -I/usr/include/php5/main -I/usr/include/php5/TSRM -I/usr/include/php5/Zend -I/usr/include/php5/ext -I/usr/include/php5/ext/date/lib conftest.c >&5
configure:4421: $? = 0
configure:4494: cc -o conftest -g -O2  -I/usr/include/php5 -I/usr/include/php5/main -I/usr/include/php5/TSRM -I/usr/include/php5/Zend -I/usr/include/php5/ext -I/usr/include/php5/ext/date/lib  conftest.c -lerl_interface -lei -lpthread -lerl_interface -lei  >&5
configure:4494: $? = 0
configure:4494: ./conftest
configure:4494: $? = 0
configure:4505: result: yes
configure:4518: checking for sys/types.h
configure:4518: cc -c -g -O2  -I/usr/include/php5 -I/usr/include/php5/main -I/usr/include/php5/TSRM -I/usr/include/php5/Zend -I/usr/include/php5/ext -I/usr/include/php5/ext/date/lib conftest.c >&5
configure:4518: $? = 0
configure:4518: result: yes
configure:4518: checking for sys/stat.h
configure:4518: cc -c -g -O2  -I/usr/include/php5 -I/usr/include/php5/main -I/usr/include/php5/TSRM -I/usr/include/php5/Zend -I/usr/include/php5/ext -I/usr/include/php5/ext/date/lib conftest.c >&5
configure:4518: $? = 0
configure:4518: result: yes
configure:4518: checking for stdlib.h
configure:4518: cc -c -g -O2  -I/usr/include/php5 -I/usr/include/php5/main -I/usr/include/php5/TSRM -I/usr/include/php5/Zend -I/usr/include/php5/ext -I/usr/include/php5/ext/date/lib conftest.c >&5
configure:4518: $? = 0
configure:4518: result: yes
configure:4518: checking for string.h
configure:4518: cc -c -g -O2  -I/usr/include/php5 -I/usr/include/php5/main -I/usr/include/php5/TSRM -I/usr/include/php5/Zend -I/usr/include/php5/ext -I/usr/include/php5/ext/date/lib conftest.c >&5
configure:4518: $? = 0
configure:4518: result: yes
configure:4518: checking for memory.h
configure:4518: cc -c -g -O2  -I/usr/include/php5 -I/usr/include/php5/main -I/usr/include/php5/TSRM -I/usr/include/php5/Zend -I/usr/include/php5/ext -I/usr/include/php5/ext/date/lib conftest.c >&5
configure:4518: $? = 0
configure:4518: result: yes
configure:4518: checking for strings.h
configure:4518: cc -c -g -O2  -I/usr/include/php5 -I/usr/include/php5/main -I/usr/include/php5/TSRM -I/usr/include/php5/Zend -I/usr/include/php5/ext -I/usr/include/php5/ext/date/lib conftest.c >&5
configure:4518: $? = 0
configure:4518: result: yes
configure:4518: checking for inttypes.h
configure:4518: cc -c -g -O2  -I/usr/include/php5 -I/usr/include/php5/main -I/usr/include/php5/TSRM -I/usr/include/php5/Zend -I/usr/include/php5/ext -I/usr/include/php5/ext/date/lib conftest.c >&5
configure:4518: $? = 0
configure:4518: result: yes
configure:4518: checking for stdint.h
configure:4518: cc -c -g -O2  -I/usr/include/php5 -I/usr/include/php5/main -I/usr/include/php5/TSRM -I/usr/include/php5/Zend -I/usr/include/php5/ext -I/usr/include/php5/ext/date/lib conftest.c >&5
configure:4518: $? = 0
configure:4518: result: yes
configure:4518: checking for unistd.h
configure:4518: cc -c -g -O2  -I/usr/include/php5 -I/usr/include/php5/main -I/usr/include/php5/TSRM -I/usr/include/php5/Zend -I/usr/include/php5/ext -I/usr/include/php5/ext/date/lib conftest.c >&5
configure:4518: $? = 0
configure:4518: result: yes
configure:4530: checking erl_interface.h usability
configure:4530: cc -c -g -O2  -I/usr/include/php5 -I/usr/include/php5/main -I/usr/include/php5/TSRM -I/usr/include/php5/Zend -I/usr/include/php5/ext -I/usr/include/php5/ext/date/lib conftest.c >&5
configure:4530: $? = 0
configure:4530: result: yes
configure:4530: checking erl_interface.h presence
configure:4530: cc -E  -I/usr/include/php5 -I/usr/include/php5/main -I/usr/include/php5/TSRM -I/usr/include/php5/Zend -I/usr/include/php5/ext -I/usr/include/php5/ext/date/lib conftest.c
configure:4530: $? = 0
configure:4530: result: yes
configure:4530: checking for erl_interface.h
configure:4530: result: yes
configure:4538: checking ei.h usability
configure:4538: cc -c -g -O2  -I/usr/include/php5 -I/usr/include/php5/main -I/usr/include/php5/TSRM -I/usr/include/php5/Zend -I/usr/include/php5/ext -I/usr/include/php5/ext/date/lib conftest.c >&5
configure:4538: $? = 0
configure:4538: result: yes
configure:4538: checking ei.h presence
configure:4538: cc -E  -I/usr/include/php5 -I/usr/include/php5/main -I/usr/include/php5/TSRM -I/usr/include/php5/Zend -I/usr/include/php5/ext -I/usr/include/php5/ext/date/lib conftest.c
configure:4538: $? = 0
configure:4538: result: yes
configure:4538: checking for ei.h
configure:4538: result: yes
configure:4925: checking how to print strings
configure:4952: result: printf
configure:4973: checking for a sed that does not truncate output
configure:5037: result: /bin/sed
configure:5055: checking for fgrep
configure:5117: result: /bin/grep -F
configure:5152: checking for ld used by cc
configure:5219: result: /usr/bin/ld
configure:5226: checking if the linker (/usr/bin/ld) is GNU ld
configure:5241: result: yes
configure:5253: checking for BSD- or MS-compatible name lister (nm)
configure:5302: result: /usr/bin/nm -B
configure:5432: checking the name lister (/usr/bin/nm -B) interface
configure:5439: cc -c -g -O2  -I/usr/include/php5 -I/usr/include/php5/main -I/usr/include/php5/TSRM -I/usr/include/php5/Zend -I/usr/include/php5/ext -I/usr/include/php5/ext/date/lib conftest.c >&5
configure:5442: /usr/bin/nm -B "conftest.o"
configure:5445: output
0000000000000000 B some_variable
configure:5452: result: BSD nm
configure:5455: checking whether ln -s works
configure:5459: result: yes
configure:5467: checking the maximum length of command line arguments
configure:5598: result: 1572864
configure:5615: checking whether the shell understands some XSI constructs
configure:5625: result: yes
configure:5629: checking whether the shell understands "+="
configure:5635: result: yes
configure:5670: checking how to convert x86_64-unknown-linux-gnu file names to x86_64-unknown-linux-gnu format
configure:5710: result: func_convert_file_noop
configure:5717: checking how to convert x86_64-unknown-linux-gnu file names to toolchain format
configure:5737: result: func_convert_file_noop
configure:5744: checking for /usr/bin/ld option to reload object files
configure:5751: result: -r
configure:5825: checking for objdump
configure:5841: found /usr/bin/objdump
configure:5852: result: objdump
configure:5884: checking how to recognize dependent libraries
configure:6082: result: pass_all
configure:6167: checking for dlltool
configure:6197: result: no
configure:6227: checking how to associate runtime and link libraries
configure:6254: result: printf %s\n
configure:6314: checking for ar
configure:6330: found /usr/bin/ar
configure:6341: result: ar
configure:6378: checking for archiver @FILE support
configure:6395: cc -c -g -O2  -I/usr/include/php5 -I/usr/include/php5/main -I/usr/include/php5/TSRM -I/usr/include/php5/Zend -I/usr/include/php5/ext -I/usr/include/php5/ext/date/lib conftest.c >&5
configure:6395: $? = 0
configure:6398: ar cru libconftest.a @conftest.lst >&5
configure:6401: $? = 0
configure:6406: ar cru libconftest.a @conftest.lst >&5
ar: conftest.o: No such file or directory
configure:6409: $? = 1
configure:6421: result: @
configure:6479: checking for strip
configure:6495: found /usr/bin/strip
configure:6506: result: strip
configure:6578: checking for ranlib
configure:6594: found /usr/bin/ranlib
configure:6605: result: ranlib
configure:6682: checking for gawk
configure:6709: result: gawk
configure:6749: checking command to parse /usr/bin/nm -B output from cc object
configure:6869: cc -c -g -O2  -I/usr/include/php5 -I/usr/include/php5/main -I/usr/include/php5/TSRM -I/usr/include/php5/Zend -I/usr/include/php5/ext -I/usr/include/php5/ext/date/lib conftest.c >&5
configure:6872: $? = 0
configure:6876: /usr/bin/nm -B conftest.o \| sed -n -e 's/^.*[ ]\([ABCDGIRSTW][ABCDGIRSTW]*\)[ ][ ]*\([_A-Za-z][_A-Za-z0-9]*\)$/\1 \2 \2/p' | sed '/ __gnu_lto/d' \> conftest.nm
configure:6879: $? = 0
configure:6945: cc -o conftest -g -O2  -I/usr/include/php5 -I/usr/include/php5/main -I/usr/include/php5/TSRM -I/usr/include/php5/Zend -I/usr/include/php5/ext -I/usr/include/php5/ext/date/lib  conftest.c conftstm.o >&5
configure:6948: $? = 0
configure:6986: result: ok
configure:7023: checking for sysroot
configure:7053: result: no
configure:7130: cc -c -g -O2  -I/usr/include/php5 -I/usr/include/php5/main -I/usr/include/php5/TSRM -I/usr/include/php5/Zend -I/usr/include/php5/ext -I/usr/include/php5/ext/date/lib conftest.c >&5
configure:7133: $? = 0
configure:7322: checking for mt
configure:7338: found /bin/mt
configure:7349: result: mt
configure:7372: checking if mt is a manifest tool
configure:7378: mt '-?'
configure:7386: result: no
configure:8025: checking for dlfcn.h
configure:8025: cc -c -g -O2  -I/usr/include/php5 -I/usr/include/php5/main -I/usr/include/php5/TSRM -I/usr/include/php5/Zend -I/usr/include/php5/ext -I/usr/include/php5/ext/date/lib conftest.c >&5
configure:8025: $? = 0
configure:8025: result: yes
configure:8231: checking for objdir
configure:8246: result: .libs
configure:8517: checking if cc supports -fno-rtti -fno-exceptions
configure:8535: cc -c -g -O2  -I/usr/include/php5 -I/usr/include/php5/main -I/usr/include/php5/TSRM -I/usr/include/php5/Zend -I/usr/include/php5/ext -I/usr/include/php5/ext/date/lib -fno-rtti -fno-exceptions conftest.c >&5
cc1: warning: command line option '-fno-rtti' is valid for C++/ObjC++ but not for C [enabled by default]
configure:8539: $? = 0
configure:8552: result: no
configure:8879: checking for cc option to produce PIC
configure:8886: result: -fPIC -DPIC
configure:8894: checking if cc PIC flag -fPIC -DPIC works
configure:8912: cc -c -g -O2  -I/usr/include/php5 -I/usr/include/php5/main -I/usr/include/php5/TSRM -I/usr/include/php5/Zend -I/usr/include/php5/ext -I/usr/include/php5/ext/date/lib -fPIC -DPIC -DPIC conftest.c >&5
configure:8916: $? = 0
configure:8929: result: yes
configure:8958: checking if cc static flag -static works
configure:8986: result: yes
configure:9001: checking if cc supports -c -o file.o
configure:9022: cc -c -g -O2  -I/usr/include/php5 -I/usr/include/php5/main -I/usr/include/php5/TSRM -I/usr/include/php5/Zend -I/usr/include/php5/ext -I/usr/include/php5/ext/date/lib -o out/conftest2.o conftest.c >&5
configure:9026: $? = 0
configure:9048: result: yes
configure:9056: checking if cc supports -c -o file.o
configure:9103: result: yes
configure:9136: checking whether the cc linker (/usr/bin/ld -m elf_x86_64) supports shared libraries
configure:10293: result: yes
configure:10330: checking whether -lc should be explicitly linked in
configure:10338: cc -c -g -O2  -I/usr/include/php5 -I/usr/include/php5/main -I/usr/include/php5/TSRM -I/usr/include/php5/Zend -I/usr/include/php5/ext -I/usr/include/php5/ext/date/lib conftest.c >&5
configure:10341: $? = 0
configure:10356: cc -shared  -fPIC -DPIC conftest.o  -v -Wl,-soname -Wl,conftest -o conftest 2\>\&1 \| /bin/grep  -lc  \>/dev/null 2\>\&1
configure:10359: $? = 0
configure:10373: result: no
configure:10533: checking dynamic linker characteristics
configure:11033: cc -o conftest -g -O2  -I/usr/include/php5 -I/usr/include/php5/main -I/usr/include/php5/TSRM -I/usr/include/php5/Zend -I/usr/include/php5/ext -I/usr/include/php5/ext/date/lib  -Wl,-rpath -Wl,/foo conftest.c -lerl_interface -lei -lpthread -lerl_interface -lei  >&5
configure:11033: $? = 0
configure:11267: result: GNU/Linux ld.so
configure:11374: checking how to hardcode library paths into programs
configure:11399: result: immediate
configure:11939: checking whether stripping libraries is possible
configure:11944: result: yes
configure:11979: checking if libtool supports shared libraries
configure:11981: result: yes
configure:11984: checking whether to build shared libraries
configure:12005: result: yes
configure:12008: checking whether to build static libraries
configure:12012: result: no
configure:12288: creating ./config.status

## ---------------------- ##
## Running config.status. ##
## ---------------------- ##

This file was extended by config.status, which was
generated by GNU Autoconf 2.69.  Invocation command line was

  CONFIG_FILES    = 
  CONFIG_HEADERS  = 
  CONFIG_LINKS    = 
  CONFIG_COMMANDS = 
  $ ./config.status 

on bryndlir-pinecone-2194177

config.status:889: creating config.h
config.status:993: executing libtool commands

## ---------------- ##
## Cache variables. ##
## ---------------- ##

ac_cv_build=x86_64-unknown-linux-gnu
ac_cv_c_compiler_gnu=yes
ac_cv_env_CC_set=
ac_cv_env_CC_value=
ac_cv_env_CFLAGS_set=
ac_cv_env_CFLAGS_value=
ac_cv_env_CPPFLAGS_set=
ac_cv_env_CPPFLAGS_value=
ac_cv_env_CPP_set=
ac_cv_env_CPP_value=
ac_cv_env_LDFLAGS_set=
ac_cv_env_LDFLAGS_value=
ac_cv_env_LIBS_set=
ac_cv_env_LIBS_value=
ac_cv_env_build_alias_set=
ac_cv_env_build_alias_value=
ac_cv_env_host_alias_set=
ac_cv_env_host_alias_value=
ac_cv_env_target_alias_set=
ac_cv_env_target_alias_value=
ac_cv_header_dlfcn_h=yes
ac_cv_header_ei_h=yes
ac_cv_header_erl_interface_h=yes
ac_cv_header_inttypes_h=yes
ac_cv_header_memory_h=yes
ac_cv_header_stdc=yes
ac_cv_header_stdint_h=yes
ac_cv_header_stdlib_h=yes
ac_cv_header_string_h=yes
ac_cv_header_strings_h=yes
ac_cv_header_sys_stat_h=yes
ac_cv_header_sys_types_h=yes
ac_cv_header_unistd_h=yes
ac_cv_host=x86_64-unknown-linux-gnu
ac_cv_lib_ei_ei_connect_init=yes
ac_cv_lib_erl_interface_erl_connect=yes
ac_cv_lib_pthread_pthread_mutex_trylock=yes
ac_cv_objext=o
ac_cv_path_EGREP='/bin/grep -E'
ac_cv_path_FGREP='/bin/grep -F'
ac_cv_path_GREP=/bin/grep
ac_cv_path_SED=/bin/sed
ac_cv_prog_AWK=gawk
ac_cv_prog_CPP='cc -E'
ac_cv_prog_ac_ct_AR=ar
ac_cv_prog_ac_ct_CC=cc
ac_cv_prog_ac_ct_MANIFEST_TOOL=mt
ac_cv_prog_ac_ct_OBJDUMP=objdump
ac_cv_prog_ac_ct_RANLIB=ranlib
ac_cv_prog_ac_ct_STRIP=strip
ac_cv_prog_cc_c89=
ac_cv_prog_cc_cc_c_o=yes
ac_cv_prog_cc_g=yes
ac_cv_target=x86_64-unknown-linux-gnu
lt_cv_ar_at_file=@
lt_cv_archive_cmds_need_lc=no
lt_cv_deplibs_check_method=pass_all
lt_cv_file_magic_cmd='$MAGIC_CMD'
lt_cv_file_magic_test_file=
lt_cv_ld_reload_flag=-r
lt_cv_nm_interface='BSD nm'
lt_cv_objdir=.libs
lt_cv_path_LD=/usr/bin/ld
lt_cv_path_NM='/usr/bin/nm -B'
lt_cv_path_mainfest_tool=no
lt_cv_prog_compiler_c_o=yes
lt_cv_prog_compiler_pic='-fPIC -DPIC'
lt_cv_prog_compiler_pic_works=yes
lt_cv_prog_compiler_rtti_exceptions=no
lt_cv_prog_compiler_static_works=yes
lt_cv_prog_gnu_ld=yes
lt_cv_sharedlib_from_linklib_cmd='printf %s\n'
lt_cv_shlibpath_overrides_runpath=no
lt_cv_sys_global_symbol_pipe='sed -n -e '\''s/^.*[	 ]\([ABCDGIRSTW][ABCDGIRSTW]*\)[	 ][	 ]*\([_A-Za-z][_A-Za-z0-9]*\)$/\1 \2 \2/p'\'' | sed '\''/ __gnu_lto/d'\'''
lt_cv_sys_global_symbol_to_c_name_address='sed -n -e '\''s/^: \([^ ]*\)[ ]*$/  {\"\1\", (void *) 0},/p'\'' -e '\''s/^[ABCDGIRSTW]* \([^ ]*\) \([^ ]*\)$/  {"\2", (void *) \&\2},/p'\'''
lt_cv_sys_global_symbol_to_c_name_address_lib_prefix='sed -n -e '\''s/^: \([^ ]*\)[ ]*$/  {\"\1\", (void *) 0},/p'\'' -e '\''s/^[ABCDGIRSTW]* \([^ ]*\) \(lib[^ ]*\)$/  {"\2", (void *) \&\2},/p'\'' -e '\''s/^[ABCDGIRSTW]* \([^ ]*\) \([^ ]*\)$/  {"lib\2", (void *) \&\2},/p'\'''
lt_cv_sys_global_symbol_to_cdecl='sed -n -e '\''s/^T .* \(.*\)$/extern int \1();/p'\'' -e '\''s/^[ABCDGIRSTW]* .* \(.*\)$/extern char \1;/p'\'''
lt_cv_sys_max_cmd_len=1572864
lt_cv_to_host_file_cmd=func_convert_file_noop
lt_cv_to_tool_file_cmd=func_convert_file_noop
php_cv_cc_dashr=no
php_cv_cc_rpath=yes

## ----------------- ##
## Output variables. ##
## ----------------- ##

AR='ar'
AWK='gawk'
CC='cc'
CFLAGS='-g -O2'
CONFIGURE_COMMAND=' '\''./configure'\'' '
CONFIGURE_OPTIONS=''
CPP='cc -E'
CPPFLAGS=' -I/usr/include/php5 -I/usr/include/php5/main -I/usr/include/php5/TSRM -I/usr/include/php5/Zend -I/usr/include/php5/ext -I/usr/include/php5/ext/date/lib -DHAVE_CONFIG_H'
DEFS='-DHAVE_CONFIG_H'
DLLTOOL='false'
DSYMUTIL=''
DUMPBIN=''
ECHO_C=''
ECHO_N='-n'
ECHO_T=''
EGREP='/bin/grep -E'
EXEEXT=''
FGREP='/bin/grep -F'
GREP='/bin/grep'
LD='/usr/bin/ld -m elf_x86_64'
LDFLAGS=''
LIBOBJS=''
LIBS='-lerl_interface -lei -lpthread -lerl_interface -lei '
LIBTOOL='$(SHELL) $(top_builddir)/libtool'
LIPO=''
LN_S='ln -s'
LTLIBOBJS=''
MANIFEST_TOOL=':'
NM='/usr/bin/nm -B'
NMEDIT=''
OBJDUMP='objdump'
OBJEXT='o'
OTOOL64=''
OTOOL=''
PACKAGE_BUGREPORT=''
PACKAGE_NAME=''
PACKAGE_STRING=''
PACKAGE_TARNAME=''
PACKAGE_URL=''
PACKAGE_VERSION=''
PATH_SEPARATOR=':'
RANLIB='ranlib'
RE2C='exit 0;'
SED='/bin/sed'
SHELL='/bin/bash'
SHLIB_DL_SUFFIX_NAME='so'
SHLIB_SUFFIX_NAME='so'
STRIP='strip'
ac_ct_AR='ar'
ac_ct_CC='cc'
ac_ct_DUMPBIN=''
bindir='${exec_prefix}/bin'
build='x86_64-unknown-linux-gnu'
build_alias=''
build_cpu='x86_64'
build_os='linux-gnu'
build_vendor='unknown'
datadir='${datarootdir}'
datarootdir='${prefix}/share'
docdir='${datarootdir}/doc/${PACKAGE}'
dvidir='${docdir}'
exec_prefix='$(prefix)'
host='x86_64-unknown-linux-gnu'
host_alias='x86_64-unknown-linux-gnu'
host_cpu='x86_64'
host_os='linux-gnu'
host_vendor='unknown'
htmldir='${docdir}'
includedir='${prefix}/include'
infodir='${datarootdir}/info'
libdir='${exec_prefix}/lib'
libexecdir='${exec_prefix}/libexec'
localedir='${datarootdir}/locale'
localstatedir='${prefix}/var'
mandir='${datarootdir}/man'
oldincludedir='/usr/include'
pdfdir='${docdir}'
prefix='/usr'
program_transform_name='s,x,x,'
psdir='${docdir}'
sbindir='${exec_prefix}/sbin'
sharedstatedir='${prefix}/com'
sysconfdir='${prefix}/etc'
target='x86_64-unknown-linux-gnu'
target_alias=''
target_cpu='x86_64'
target_os='linux-gnu'
target_vendor='unknown'

## ----------- ##
## confdefs.h. ##
## ----------- ##

/* confdefs.h */
#define PACKAGE_NAME ""
#define PACKAGE_TARNAME ""
#define PACKAGE_VERSION ""
#define PACKAGE_STRING ""
#define PACKAGE_BUGREPORT ""
#define PACKAGE_URL ""
#define HAVE_LIBPTHREAD 1
#define HAVE_LIBEI 1
#define HAVE_LIBERL_INTERFACE 1
#define STDC_HEADERS 1
#define HAVE_SYS_TYPES_H 1
#define HAVE_SYS_STAT_H 1
#define HAVE_STDLIB_H 1
#define HAVE_STRING_H 1
#define HAVE_MEMORY_H 1
#define HAVE_STRINGS_H 1
#define HAVE_INTTYPES_H 1
#define HAVE_STDINT_H 1
#define HAVE_UNISTD_H 1
#define COMPILE_DL_PEB 1
#define HAVE_DLFCN_H 1
#define LT_OBJDIR ".libs/"

configure: exit 0
